Log started: Thu Apr 25 17:04:29 2024
Running stripalign:
execpath='/home/alex/bin/stripalign/stripalign' 
dir='/home/alex/local-usask/analysis/lidar-processing/scripts/stripalign/' 
Default NTHREADS=8 NTHREADSIO=8 MEM_MB=4096 mul=0 
Renamed existing /home/alex/bin/stripalign/stripalign.log using timestamp
.   / SOFTINFO='Bayes-StripAlign 2.24 [Ubu64] Mar 25 2024 19:47:06 + LASlib 210720 + PulseWaves 190805' 
.   |   / InitGetOptAll argc=61 
.   |   |   / InitGetOpt argc=61 -> argc=60 
.   |   |   | L_ARG: -align -i /media/alex/phd-data/local-usask/field-downloads/lidar-data/pointclouds_sep_flightlines/23_026/flight1/230126_200635.las /media/alex/phd-data/local-usask/field-downloads/lidar-data/pointclouds_sep_flightlines/23_026/flight1/230126_200737.las /media/alex/phd-data/local-usask/field-downloads/lidar-data/pointclouds_sep_flightlines/23_026/flight1/230126_200813.las /media/alex/phd-data/local-usask/field-downloads/lidar-data/pointclouds_sep_flightlines/23_026/flight1/230126_200825.las /media/alex/phd-data/local-usask/field-downloads/lidar-data/pointclouds_sep_flightlines/23_026/flight1/230126_200902.las /media/alex/phd-data/local-usask/field-downloads/lidar-data/pointclouds_sep_flightlines/23_026/flight1/230126_200912.las /media/alex/phd-data/local-usask/field-downloads/lidar-data/pointclouds_sep_flightlines/23_026/flight1/230126_201023.las /media/alex/phd-data/local-usask/field-downloads/lidar-data/pointclouds_sep_flightlines/23_026/flight1/230126_201033.las /media/alex/phd-data/local-usask/field-downloads/lidar-data/pointclouds_sep_flightlines/23_026/flight1/230126_201146.las /media/alex/phd-data/local-usask/field-downloads/lidar-data/pointclouds_sep_flightlines/23_026/flight1/230126_201153.las /media/alex/phd-data/local-usask/field-downloads/lidar-data/pointclouds_sep_flightlines/23_026/flight1/230126_201308.las /media/alex/phd-data/local-usask/field-downloads/lidar-data/pointclouds_sep_flightlines/23_026/flight1/230126_201319.las /media/alex/phd-data/local-usask/field-downloads/lidar-data/pointclouds_sep_flightlines/23_026/flight1/230126_201431.las /media/alex/phd-data/local-usask/field-downloads/lidar-data/pointclouds_sep_flightlines/23_026/flight1/230126_201441.las /media/alex/phd-data/local-usask/field-downloads/lidar-data/pointclouds_sep_flightlines/23_026/flight1/230126_201554.las /media/alex/phd-data/local-usask/field-downloads/lidar-data/pointclouds_sep_flightlines/23_026/flight1/230126_201604.las /media/alex/phd-data/local-usask/field-downloads/lidar-data/pointclouds_sep_flightlines/23_026/flight1/230126_201717.las /media/alex/phd-data/local-usask/field-downloads/lidar-data/pointclouds_sep_flightlines/23_026/flight1/230126_201727.las /media/alex/phd-data/local-usask/field-downloads/lidar-data/pointclouds_sep_flightlines/23_026/flight2/230126_202739.las /media/alex/phd-data/local-usask/field-downloads/lidar-data/pointclouds_sep_flightlines/23_026/flight2/230126_202847.las /media/alex/phd-data/local-usask/field-downloads/lidar-data/pointclouds_sep_flightlines/23_026/flight2/230126_202949.las /media/alex/phd-data/local-usask/field-downloads/lidar-data/pointclouds_sep_flightlines/23_026/flight2/230126_202959.las /media/alex/phd-data/local-usask/field-downloads/lidar-data/pointclouds_sep_flightlines/23_026/flight2/230126_203102.las /media/alex/phd-data/local-usask/field-downloads/lidar-data/pointclouds_sep_flightlines/23_026/flight2/230126_203108.las /media/alex/phd-data/local-usask/field-downloads/lidar-data/pointclouds_sep_flightlines/23_026/flight2/230126_203213.las /media/alex/phd-data/local-usask/field-downloads/lidar-data/pointclouds_sep_flightlines/23_026/flight2/230126_203220.las /media/alex/phd-data/local-usask/field-downloads/lidar-data/pointclouds_sep_flightlines/23_026/flight2/230126_203324.las /media/alex/phd-data/local-usask/field-downloads/lidar-data/pointclouds_sep_flightlines/23_026/flight2/230126_203334.las /media/alex/phd-data/local-usask/field-downloads/lidar-data/pointclouds_sep_flightlines/23_026/flight2/230126_203435.las /media/alex/phd-data/local-usask/field-downloads/lidar-data/pointclouds_sep_flightlines/23_026/flight2/230126_203446.las /media/alex/phd-data/local-usask/field-downloads/lidar-data/pointclouds_sep_flightlines/23_026/flight2/230126_203537.las /media/alex/phd-data/local-usask/field-downloads/lidar-data/pointclouds_sep_flightlines/23_026/flight2/230126_203548.las /media/alex/phd-data/local-usask/field-downloads/lidar-data/pointclouds_sep_flightlines/23_026/flight2/230126_203632.las /media/alex/phd-data/local-usask/field-downloads/lidar-data/pointclouds_sep_flightlines/23_026/flight2/230126_203643.las /media/alex/phd-data/local-usask/field-downloads/lidar-data/pointclouds_sep_flightlines/23_026/flight2/230126_203730.las /media/alex/phd-data/local-usask/field-downloads/lidar-data/pointclouds_sep_flightlines/23_026/flight2/230126_203740.las /media/alex/phd-data/local-usask/field-downloads/lidar-data/pointclouds_sep_flightlines/23_026/flight2/230126_203826.las /media/alex/phd-data/local-usask/field-downloads/lidar-data/pointclouds_sep_flightlines/23_026/flight2/230126_203836.las -o *_sa.las -po /media/alex/phd-data/local-usask/field-downloads/lidar-data/metadata/traj_files_select/23_026/230126_195737_traj.txt /media/alex/phd-data/local-usask/field-downloads/lidar-data/metadata/traj_files_select/23_026/230126_202045_traj.txt -T /home/alex/local-usask/analysis/lidar-processing/data/stripalign_temp/23_026 -O /media/alex/phd-data/local-usask/field-downloads/lidar-data/pointclouds_stripalign/23_026_ -po_parse twpkxyz -A 1 -gcp /home/alex/local-usask/analysis/lidar-processing/data/survey_data/survey_points_FT_ixyz_23_026.csv -gcp_out -uav -ics_err 0 -ics 
.   |   |   / AddPersistentOpt '/home/alex/bin/stripalign/stripalign' argc=60 
.   |   / load_license_ZLM product='Bayes-StripAlign' version='2.24' zversion='2.2' verb=0 
.   |   | zlm_version()='1.21' 
.   |   / load_license_RLM product='Bayes-StripAlign' RLMprod=p1 RLMswap=0 rlm_version=14.4
.   |   | checkout: Thu Apr 25 17:04:29 2024
.   | Licensed to demo@univ_saskatchewan, modules: {uav|exp240601} 
.   |   / check_static_license ok
.   |   / check_expiration_date
.   |   | D=240425 D0=240601 
.   |   / get_max_feature_date
.   | UAV_MOD=1 AIR_MOD=0 NOCORR_MOD=0 NOREG_MOD=0 LITE_MOD=0 
.   |   / > @ ERROR: option -O: invalid directory '/media/alex/phd-data/local-usask/field-downloads/lidar-data/pointclouds_stripalign/23_026_', keeping '' 
.   | @ ERROR: stopping due to option argument errors: use -h for help
.   |   / free_license_RLM -> checkin: Thu Apr 25 17:04:29 2024
EXIT_CODE=1
TOTAL TIME: Clock=00:00:00.4 (0.050 s) - Real=00:00:00 (0 s) 
Log ended: Thu Apr 25 17:04:29 2024
